Arguments: 
  C:\Program Files\nodejs\node.exe C:\Users\Felix\AppData\Roaming\npm\node_modules\@sanity\cli\vendor\yarn install --json --non-interactive --ignore-engines --network-timeout 60000 --registry https://registry.npmjs.org

PATH: 
  C:\Users\Felix\AppData\Roaming\npm\node_modules\vendor;C:\Users\Felix\bin;C:\Program Files\Git\mingw64\bin;C:\Program Files\Git\usr\local\bin;C:\Program Files\Git\usr\bin;C:\Program Files\Git\usr\bin;C:\Program Files\Git\mingw64\bin;C:\Program Files\Git\usr\bin;C:\Users\Felix\bin;C:\Python39\Scripts;C:\Python39;C:\Program Files\Common Files\Oracle\Java\javapath;C:\WINDOWS\system32;C:\WINDOWS;C:\WINDOWS\System32\Wbem;C:\WINDOWS\System32\WindowsPowerShell\v1.0;C:\Program Files\Git\cmd;C:\WINDOWS\System32\OpenSSH;C:\Program Files\nodejs;C:\ProgramData\chocolatey\bin;C:\Users\Felix\AppData\Local\Programs\Microsoft VS Code\bin;C:\src\flutter\bin;C:\Program Files\Java\jdk-15\bin;C:\Users\Felix\AppData\Local\Microsoft\WindowsApps;C:\platform-tools\adb.exe;C:\Users\Felix\AppData\Local\GitHubDesktop\bin;C:\Users\Felix\AppData\Roaming\npm;C:\Program Files\nodejs;C:\Users\Felix\AppData\Local\Programs\MiKTeX\miktex\bin\x64;C:\Program Files\JetBrains\PyCharm Community Edition 2021.2.1\bin;C:\Program Files\mongosh;C:\Program Files\MongoDB\Server\5.0\bin;C:\Program Files\heroku\bin;C:\Program Files\Git\usr\bin\vendor_perl;C:\Program Files\Git\usr\bin\core_perl

Yarn version: 
  1.22.17

Node version: 
  15.9.0

Platform: 
  win32 x64

Trace: 
  Error: Client network socket disconnected before secure TLS connection was established
      at connResetException (node:internal/errors:642:14)
      at TLSSocket.onConnectEnd (node:_tls_wrap:1578:19)
      at TLSSocket.emit (node:events:390:22)
      at endReadableNT (node:internal/streams/readable:1307:12)
      at processTicksAndRejections (node:internal/process/task_queues:81:21)

npm manifest: 
  {
    "name": "uniswapcloneapp",
    "private": true,
    "version": "1.0.0",
    "description": "",
    "main": "package.json",
    "author": "Philix27 <Philixbob@gmail.com>",
    "license": "UNLICENSED",
    "scripts": {
      "start": "sanity start",
      "build": "sanity build"
    },
    "keywords": [
      "sanity"
    ],
    "dependencies": {
      "@sanity/base": "^2.28.2",
      "@sanity/core": "^2.28.1",
      "@sanity/default-layout": "^2.28.2",
      "@sanity/default-login": "^2.28.2",
      "@sanity/desk-tool": "^2.28.2",
      "@sanity/eslint-config-studio": "^2.0.0",
      "@sanity/vision": "^2.28.2",
      "eslint": "^8.6.0",
      "prop-types": "^15.7",
      "react": "^17.0",
      "react-dom": "^17.0",
      "styled-components": "^5.2.0"
    },
    "devDependencies": {}
  }

yarn manifest: 
  No manifest

Lockfile: 
  No lockfile
